This file contains any messages produced by compilers while
running configure, to aid debugging if configure makes a mistake.

It was created by main configure 1.0, which was
generated by GNU Autoconf 2.69.  Invocation command line was

  $ ./configure -prefix=/home/yuk6szh/DATA/GIT_V2X/V2X-Security-Stack

## --------- ##
## Platform. ##
## --------- ##

hostname = SZHPC12050
uname -m = x86_64
uname -r = 4.4.0-179-generic
uname -s = Linux
uname -v = #209-Ubuntu SMP Fri Apr 24 17:48:44 UTC 2020

/usr/bin/uname -p = unknown
/bin/uname -X     = unknown

/bin/arch              = unknown
/usr/bin/arch -k       = unknown
/usr/convex/getsysinfo = unknown
/usr/bin/hostinfo      = unknown
/bin/machine           = unknown
/usr/bin/oslevel       = unknown
/bin/universe          = unknown

PATH: /opt/rbcm-qt-creator/bin
PATH: /opt/Qt5.6.3/5.6.3/gcc_64/bin
PATH: /usr/local/sbin
PATH: /usr/local/bin
PATH: /usr/sbin
PATH: /usr/bin
PATH: /sbin
PATH: /bin
PATH: /usr/games
PATH: /usr/local/games
PATH: /snap/bin
PATH: /usr/bin/fastboot
PATH: /usr/bin/fastboot


## ----------- ##
## Core tests. ##
## ----------- ##

configure:2592: checking for a BSD-compatible install
configure:2660: result: /usr/bin/install -c
configure:2671: checking whether build environment is sane
configure:2726: result: yes
configure:2877: checking for a thread-safe mkdir -p
configure:2916: result: /bin/mkdir -p
configure:2923: checking for gawk
configure:2939: found /usr/bin/gawk
configure:2950: result: gawk
configure:2961: checking whether make sets $(MAKE)
configure:2983: result: yes
configure:3012: checking whether make supports nested variables
configure:3029: result: yes
configure:3216: checking for g++
configure:3232: found /usr/bin/g++
configure:3243: result: g++
configure:3270: checking for C++ compiler version
configure:3279: g++ --version >&5
g++ (Ubuntu 5.4.0-6ubuntu1~16.04.12) 5.4.0 20160609
Copyright (C) 2015 Free Software Foundation, Inc.
This is free software; see the source for copying conditions.  There is NO
warranty; not even for MERCHANTABILITY or FITNESS FOR A PARTICULAR PURPOSE.

configure:3290: $? = 0
configure:3279: g++ -v >&5
Using built-in specs.
COLLECT_GCC=g++
COLLECT_LTO_WRAPPER=/usr/lib/gcc/x86_64-linux-gnu/5/lto-wrapper
Target: x86_64-linux-gnu
Configured with: ../src/configure -v --with-pkgversion='Ubuntu 5.4.0-6ubuntu1~16.04.12' --with-bugurl=file:///usr/share/doc/gcc-5/README.Bugs --enable-languages=c,ada,c++,java,go,d,fortran,objc,obj-c++ --prefix=/usr --program-suffix=-5 --enable-shared --enable-linker-build-id --libexecdir=/usr/lib --without-included-gettext --enable-threads=posix --libdir=/usr/lib --enable-nls --with-sysroot=/ --enable-clocale=gnu --enable-libstdcxx-debug --enable-libstdcxx-time=yes --with-default-libstdcxx-abi=new --enable-gnu-unique-object --disable-vtable-verify --enable-libmpx --enable-plugin --with-system-zlib --disable-browser-plugin --enable-java-awt=gtk --enable-gtk-cairo --with-java-home=/usr/lib/jvm/java-1.5.0-gcj-5-amd64/jre --enable-java-home --with-jvm-root-dir=/usr/lib/jvm/java-1.5.0-gcj-5-amd64 --with-jvm-jar-dir=/usr/lib/jvm-exports/java-1.5.0-gcj-5-amd64 --with-arch-directory=amd64 --with-ecj-jar=/usr/share/java/eclipse-ecj.jar --enable-objc-gc --enable-multiarch --disable-werror --with-arch-32=i686 --with-abi=m64 --with-multilib-list=m32,m64,mx32 --enable-multilib --with-tune=generic --enable-checking=release --build=x86_64-linux-gnu --host=x86_64-linux-gnu --target=x86_64-linux-gnu
Thread model: posix
gcc version 5.4.0 20160609 (Ubuntu 5.4.0-6ubuntu1~16.04.12) 
configure:3290: $? = 0
configure:3279: g++ -V >&5
g++: error: unrecognized command line option '-V'
g++: fatal error: no input files
compilation terminated.
configure:3290: $? = 1
configure:3279: g++ -qversion >&5
g++: error: unrecognized command line option '-qversion'
g++: fatal error: no input files
compilation terminated.
configure:3290: $? = 1
configure:3310: checking whether the C++ compiler works
configure:3332: g++    conftest.cpp  >&5
configure:3336: $? = 0
configure:3384: result: yes
configure:3387: checking for C++ compiler default output file name
configure:3389: result: a.out
configure:3395: checking for suffix of executables
configure:3402: g++ -o conftest    conftest.cpp  >&5
configure:3406: $? = 0
configure:3428: result: 
configure:3450: checking whether we are cross compiling
configure:3458: g++ -o conftest    conftest.cpp  >&5
configure:3462: $? = 0
configure:3469: ./conftest
configure:3473: $? = 0
configure:3488: result: no
configure:3493: checking for suffix of object files
configure:3515: g++ -c   conftest.cpp >&5
configure:3519: $? = 0
configure:3540: result: o
configure:3544: checking whether we are using the GNU C++ compiler
configure:3563: g++ -c   conftest.cpp >&5
configure:3563: $? = 0
configure:3572: result: yes
configure:3581: checking whether g++ accepts -g
configure:3601: g++ -c -g  conftest.cpp >&5
configure:3601: $? = 0
configure:3642: result: yes
configure:3676: checking for style of include used by make
configure:3704: result: GNU
configure:3730: checking dependency style of g++
configure:3841: result: gcc3
configure:3860: checking for gawk
configure:3887: result: gawk
configure:3946: checking for gcc
configure:3962: found /usr/bin/gcc
configure:3973: result: gcc
configure:4202: checking for C compiler version
configure:4211: gcc --version >&5
gcc (Ubuntu 5.4.0-6ubuntu1~16.04.12) 5.4.0 20160609
Copyright (C) 2015 Free Software Foundation, Inc.
This is free software; see the source for copying conditions.  There is NO
warranty; not even for MERCHANTABILITY or FITNESS FOR A PARTICULAR PURPOSE.

configure:4222: $? = 0
configure:4211: gcc -v >&5
Using built-in specs.
COLLECT_GCC=gcc
COLLECT_LTO_WRAPPER=/usr/lib/gcc/x86_64-linux-gnu/5/lto-wrapper
Target: x86_64-linux-gnu
Configured with: ../src/configure -v --with-pkgversion='Ubuntu 5.4.0-6ubuntu1~16.04.12' --with-bugurl=file:///usr/share/doc/gcc-5/README.Bugs --enable-languages=c,ada,c++,java,go,d,fortran,objc,obj-c++ --prefix=/usr --program-suffix=-5 --enable-shared --enable-linker-build-id --libexecdir=/usr/lib --without-included-gettext --enable-threads=posix --libdir=/usr/lib --enable-nls --with-sysroot=/ --enable-clocale=gnu --enable-libstdcxx-debug --enable-libstdcxx-time=yes --with-default-libstdcxx-abi=new --enable-gnu-unique-object --disable-vtable-verify --enable-libmpx --enable-plugin --with-system-zlib --disable-browser-plugin --enable-java-awt=gtk --enable-gtk-cairo --with-java-home=/usr/lib/jvm/java-1.5.0-gcj-5-amd64/jre --enable-java-home --with-jvm-root-dir=/usr/lib/jvm/java-1.5.0-gcj-5-amd64 --with-jvm-jar-dir=/usr/lib/jvm-exports/java-1.5.0-gcj-5-amd64 --with-arch-directory=amd64 --with-ecj-jar=/usr/share/java/eclipse-ecj.jar --enable-objc-gc --enable-multiarch --disable-werror --with-arch-32=i686 --with-abi=m64 --with-multilib-list=m32,m64,mx32 --enable-multilib --with-tune=generic --enable-checking=release --build=x86_64-linux-gnu --host=x86_64-linux-gnu --target=x86_64-linux-gnu
Thread model: posix
gcc version 5.4.0 20160609 (Ubuntu 5.4.0-6ubuntu1~16.04.12) 
configure:4222: $? = 0
configure:4211: gcc -V >&5
gcc: error: unrecognized command line option '-V'
gcc: fatal error: no input files
compilation terminated.
configure:4222: $? = 1
configure:4211: gcc -qversion >&5
gcc: error: unrecognized command line option '-qversion'
gcc: fatal error: no input files
compilation terminated.
configure:4222: $? = 1
configure:4226: checking whether we are using the GNU C compiler
configure:4245: gcc -c   conftest.c >&5
configure:4245: $? = 0
configure:4254: result: yes
configure:4263: checking whether gcc accepts -g
configure:4283: gcc -c -g  conftest.c >&5
configure:4283: $? = 0
configure:4324: result: yes
configure:4341: checking for gcc option to accept ISO C89
configure:4404: gcc  -c -g -O2  conftest.c >&5
configure:4404: $? = 0
configure:4417: result: none needed
configure:4442: checking whether gcc understands -c and -o together
configure:4464: gcc -c conftest.c -o conftest2.o
configure:4467: $? = 0
configure:4464: gcc -c conftest.c -o conftest2.o
configure:4467: $? = 0
configure:4479: result: yes
configure:4498: checking dependency style of gcc
configure:4609: result: gcc3
configure:4630: checking how to run the C preprocessor
configure:4661: gcc -E  conftest.c
configure:4661: $? = 0
configure:4675: gcc -E  conftest.c
conftest.c:11:28: fatal error: ac_nonexistent.h: No such file or directory
compilation terminated.
configure:4675: $? = 1
configure: failed program was:
| /* confdefs.h */
| #define PACKAGE_NAME "main"
| #define PACKAGE_TARNAME "main"
| #define PACKAGE_VERSION "1.0"
| #define PACKAGE_STRING "main 1.0"
| #define PACKAGE_BUGREPORT "xx@xx.com"
| #define PACKAGE_URL ""
| #define PACKAGE "main"
| #define VERSION "1.0"
| /* end confdefs.h.  */
| #include <ac_nonexistent.h>
configure:4700: result: gcc -E
configure:4720: gcc -E  conftest.c
configure:4720: $? = 0
configure:4734: gcc -E  conftest.c
conftest.c:11:28: fatal error: ac_nonexistent.h: No such file or directory
compilation terminated.
configure:4734: $? = 1
configure: failed program was:
| /* confdefs.h */
| #define PACKAGE_NAME "main"
| #define PACKAGE_TARNAME "main"
| #define PACKAGE_VERSION "1.0"
| #define PACKAGE_STRING "main 1.0"
| #define PACKAGE_BUGREPORT "xx@xx.com"
| #define PACKAGE_URL ""
| #define PACKAGE "main"
| #define VERSION "1.0"
| /* end confdefs.h.  */
| #include <ac_nonexistent.h>
configure:4763: checking whether ln -s works
configure:4767: result: yes
configure:4774: checking whether make sets $(MAKE)
configure:4796: result: yes
configure:4835: checking build system type
configure:4849: result: x86_64-pc-linux-gnu
configure:4869: checking host system type
configure:4882: result: x86_64-pc-linux-gnu
configure:4923: checking how to print strings
configure:4950: result: printf
configure:4971: checking for a sed that does not truncate output
configure:5035: result: /bin/sed
configure:5053: checking for grep that handles long lines and -e
configure:5111: result: /bin/grep
configure:5116: checking for egrep
configure:5178: result: /bin/grep -E
configure:5183: checking for fgrep
configure:5245: result: /bin/grep -F
configure:5280: checking for ld used by gcc
configure:5347: result: /usr/bin/ld
configure:5354: checking if the linker (/usr/bin/ld) is GNU ld
configure:5369: result: yes
configure:5381: checking for BSD- or MS-compatible name lister (nm)
configure:5435: result: /usr/bin/nm -B
configure:5565: checking the name lister (/usr/bin/nm -B) interface
configure:5572: gcc -c -g -O2  conftest.c >&5
configure:5575: /usr/bin/nm -B "conftest.o"
configure:5578: output
0000000000000000 B some_variable
configure:5585: result: BSD nm
configure:5589: checking the maximum length of command line arguments
configure:5720: result: 1572864
configure:5768: checking how to convert x86_64-pc-linux-gnu file names to x86_64-pc-linux-gnu format
configure:5808: result: func_convert_file_noop
configure:5815: checking how to convert x86_64-pc-linux-gnu file names to toolchain format
configure:5835: result: func_convert_file_noop
configure:5842: checking for /usr/bin/ld option to reload object files
configure:5849: result: -r
configure:5923: checking for objdump
configure:5939: found /usr/bin/objdump
configure:5950: result: objdump
configure:5982: checking how to recognize dependent libraries
configure:6182: result: pass_all
configure:6267: checking for dlltool
configure:6297: result: no
configure:6327: checking how to associate runtime and link libraries
configure:6354: result: printf %s\n
configure:6415: checking for ar
configure:6431: found /usr/bin/ar
configure:6442: result: ar
configure:6479: checking for archiver @FILE support
configure:6496: gcc -c -g -O2  conftest.c >&5
configure:6496: $? = 0
configure:6499: ar cru libconftest.a @conftest.lst >&5
ar: `u' modifier ignored since `D' is the default (see `U')
configure:6502: $? = 0
configure:6507: ar cru libconftest.a @conftest.lst >&5
ar: `u' modifier ignored since `D' is the default (see `U')
ar: conftest.o: No such file or directory
configure:6510: $? = 1
configure:6522: result: @
configure:6580: checking for strip
configure:6596: found /usr/bin/strip
configure:6607: result: strip
configure:6679: checking for ranlib
configure:6695: found /usr/bin/ranlib
configure:6706: result: ranlib
configure:6808: checking command to parse /usr/bin/nm -B output from gcc object
configure:6961: gcc -c -g -O2  conftest.c >&5
configure:6964: $? = 0
configure:6968: /usr/bin/nm -B conftest.o \| sed -n -e 's/^.*[ ]\([ABCDGIRSTW][ABCDGIRSTW]*\)[ ][ ]*\([_A-Za-z][_A-Za-z0-9]*\)$/\1 \2 \2/p' | sed '/ __gnu_lto/d' \> conftest.nm
configure:6971: $? = 0
configure:7037: gcc -o conftest -g -O2   conftest.c conftstm.o >&5
configure:7040: $? = 0
configure:7078: result: ok
configure:7125: checking for sysroot
configure:7155: result: no
configure:7162: checking for a working dd
configure:7200: result: /bin/dd
configure:7204: checking how to truncate binary pipes
configure:7219: result: /bin/dd bs=4096 count=1
configure:7355: gcc -c -g -O2  conftest.c >&5
configure:7358: $? = 0
configure:7548: checking for mt
configure:7564: found /bin/mt
configure:7575: result: mt
configure:7598: checking if mt is a manifest tool
configure:7604: mt '-?'
configure:7612: result: no
configure:8285: checking for ANSI C header files
configure:8305: gcc -c -g -O2  conftest.c >&5
configure:8305: $? = 0
configure:8378: gcc -o conftest -g -O2   conftest.c  >&5
configure:8378: $? = 0
configure:8378: ./conftest
configure:8378: $? = 0
configure:8389: result: yes
configure:8402: checking for sys/types.h
configure:8402: gcc -c -g -O2  conftest.c >&5
configure:8402: $? = 0
configure:8402: result: yes
configure:8402: checking for sys/stat.h
configure:8402: gcc -c -g -O2  conftest.c >&5
configure:8402: $? = 0
configure:8402: result: yes
configure:8402: checking for stdlib.h
configure:8402: gcc -c -g -O2  conftest.c >&5
configure:8402: $? = 0
configure:8402: result: yes
configure:8402: checking for string.h
configure:8402: gcc -c -g -O2  conftest.c >&5
configure:8402: $? = 0
configure:8402: result: yes
configure:8402: checking for memory.h
configure:8402: gcc -c -g -O2  conftest.c >&5
configure:8402: $? = 0
configure:8402: result: yes
configure:8402: checking for strings.h
configure:8402: gcc -c -g -O2  conftest.c >&5
configure:8402: $? = 0
configure:8402: result: yes
configure:8402: checking for inttypes.h
configure:8402: gcc -c -g -O2  conftest.c >&5
configure:8402: $? = 0
configure:8402: result: yes
configure:8402: checking for stdint.h
configure:8402: gcc -c -g -O2  conftest.c >&5
configure:8402: $? = 0
configure:8402: result: yes
configure:8402: checking for unistd.h
configure:8402: gcc -c -g -O2  conftest.c >&5
configure:8402: $? = 0
configure:8402: result: yes
configure:8416: checking for dlfcn.h
configure:8416: gcc -c -g -O2  conftest.c >&5
configure:8416: $? = 0
configure:8416: result: yes
configure:8683: checking for objdir
configure:8698: result: .libs
configure:8962: checking if gcc supports -fno-rtti -fno-exceptions
configure:8980: gcc -c -g -O2  -fno-rtti -fno-exceptions conftest.c >&5
cc1: warning: command line option '-fno-rtti' is valid for C++/ObjC++ but not for C
configure:8984: $? = 0
configure:8997: result: no
configure:9355: checking for gcc option to produce PIC
configure:9362: result: -fPIC -DPIC
configure:9370: checking if gcc PIC flag -fPIC -DPIC works
configure:9388: gcc -c -g -O2  -fPIC -DPIC -DPIC conftest.c >&5
configure:9392: $? = 0
configure:9405: result: yes
configure:9434: checking if gcc static flag -static works
configure:9462: result: yes
configure:9477: checking if gcc supports -c -o file.o
configure:9498: gcc -c -g -O2  -o out/conftest2.o conftest.c >&5
configure:9502: $? = 0
configure:9524: result: yes
configure:9532: checking if gcc supports -c -o file.o
configure:9579: result: yes
configure:9612: checking whether the gcc linker (/usr/bin/ld -m elf_x86_64) supports shared libraries
configure:10875: result: yes
configure:10912: checking whether -lc should be explicitly linked in
configure:10920: gcc -c -g -O2  conftest.c >&5
configure:10923: $? = 0
configure:10938: gcc -shared  -fPIC -DPIC conftest.o  -v -Wl,-soname -Wl,conftest -o conftest 2\>\&1 \| /bin/grep  -lc  \>/dev/null 2\>\&1
configure:10941: $? = 0
configure:10955: result: no
configure:11115: checking dynamic linker characteristics
configure:11696: gcc -o conftest -g -O2   -Wl,-rpath -Wl,/foo conftest.c  >&5
configure:11696: $? = 0
configure:11945: result: GNU/Linux ld.so
configure:12067: checking how to hardcode library paths into programs
configure:12092: result: immediate
configure:12640: checking whether stripping libraries is possible
configure:12645: result: yes
configure:12680: checking if libtool supports shared libraries
configure:12682: result: yes
configure:12685: checking whether to build shared libraries
configure:12710: result: yes
configure:12713: checking whether to build static libraries
configure:12717: result: yes
configure:12740: checking how to run the C++ preprocessor
configure:12767: g++ -E  conftest.cpp
configure:12767: $? = 0
configure:12781: g++ -E  conftest.cpp
conftest.cpp:23:28: fatal error: ac_nonexistent.h: No such file or directory
compilation terminated.
configure:12781: $? = 1
configure: failed program was:
| /* confdefs.h */
| #define PACKAGE_NAME "main"
| #define PACKAGE_TARNAME "main"
| #define PACKAGE_VERSION "1.0"
| #define PACKAGE_STRING "main 1.0"
| #define PACKAGE_BUGREPORT "xx@xx.com"
| #define PACKAGE_URL ""
| #define PACKAGE "main"
| #define VERSION "1.0"
| #define STDC_HEADERS 1
| #define HAVE_SYS_TYPES_H 1
| #define HAVE_SYS_STAT_H 1
| #define HAVE_STDLIB_H 1
| #define HAVE_STRING_H 1
| #define HAVE_MEMORY_H 1
| #define HAVE_STRINGS_H 1
| #define HAVE_INTTYPES_H 1
| #define HAVE_STDINT_H 1
| #define HAVE_UNISTD_H 1
| #define HAVE_DLFCN_H 1
| #define LT_OBJDIR ".libs/"
| /* end confdefs.h.  */
| #include <ac_nonexistent.h>
configure:12806: result: g++ -E
configure:12826: g++ -E  conftest.cpp
configure:12826: $? = 0
configure:12840: g++ -E  conftest.cpp
conftest.cpp:23:28: fatal error: ac_nonexistent.h: No such file or directory
compilation terminated.
configure:12840: $? = 1
configure: failed program was:
| /* confdefs.h */
| #define PACKAGE_NAME "main"
| #define PACKAGE_TARNAME "main"
| #define PACKAGE_VERSION "1.0"
| #define PACKAGE_STRING "main 1.0"
| #define PACKAGE_BUGREPORT "xx@xx.com"
| #define PACKAGE_URL ""
| #define PACKAGE "main"
| #define VERSION "1.0"
| #define STDC_HEADERS 1
| #define HAVE_SYS_TYPES_H 1
| #define HAVE_SYS_STAT_H 1
| #define HAVE_STDLIB_H 1
| #define HAVE_STRING_H 1
| #define HAVE_MEMORY_H 1
| #define HAVE_STRINGS_H 1
| #define HAVE_INTTYPES_H 1
| #define HAVE_STDINT_H 1
| #define HAVE_UNISTD_H 1
| #define HAVE_DLFCN_H 1
| #define LT_OBJDIR ".libs/"
| /* end confdefs.h.  */
| #include <ac_nonexistent.h>
configure:13002: checking for ld used by g++
configure:13069: result: /usr/bin/ld -m elf_x86_64
configure:13076: checking if the linker (/usr/bin/ld -m elf_x86_64) is GNU ld
configure:13091: result: yes
configure:13146: checking whether the g++ linker (/usr/bin/ld -m elf_x86_64) supports shared libraries
configure:14219: result: yes
configure:14255: g++ -c -g -O2  conftest.cpp >&5
configure:14258: $? = 0
configure:14739: checking for g++ option to produce PIC
configure:14746: result: -fPIC -DPIC
configure:14754: checking if g++ PIC flag -fPIC -DPIC works
configure:14772: g++ -c -g -O2  -fPIC -DPIC -DPIC conftest.cpp >&5
configure:14776: $? = 0
configure:14789: result: yes
configure:14812: checking if g++ static flag -static works
configure:14840: result: yes
configure:14852: checking if g++ supports -c -o file.o
configure:14873: g++ -c -g -O2  -o out/conftest2.o conftest.cpp >&5
configure:14877: $? = 0
configure:14899: result: yes
configure:14904: checking if g++ supports -c -o file.o
configure:14951: result: yes
configure:14981: checking whether the g++ linker (/usr/bin/ld -m elf_x86_64) supports shared libraries
configure:15024: result: yes
configure:15165: checking dynamic linker characteristics
configure:15922: result: GNU/Linux ld.so
configure:15987: checking how to hardcode library paths into programs
configure:16012: result: immediate
configure:16077: checking for size_t
configure:16077: gcc -c -g -O2  conftest.c >&5
configure:16077: $? = 0
configure:16077: gcc -c -g -O2  conftest.c >&5
conftest.c: In function 'main':
conftest.c:59:21: error: expected expression before ')' token
 if (sizeof ((size_t)))
                     ^
configure:16077: $? = 1
configure: failed program was:
| /* confdefs.h */
| #define PACKAGE_NAME "main"
| #define PACKAGE_TARNAME "main"
| #define PACKAGE_VERSION "1.0"
| #define PACKAGE_STRING "main 1.0"
| #define PACKAGE_BUGREPORT "xx@xx.com"
| #define PACKAGE_URL ""
| #define PACKAGE "main"
| #define VERSION "1.0"
| #define STDC_HEADERS 1
| #define HAVE_SYS_TYPES_H 1
| #define HAVE_SYS_STAT_H 1
| #define HAVE_STDLIB_H 1
| #define HAVE_STRING_H 1
| #define HAVE_MEMORY_H 1
| #define HAVE_STRINGS_H 1
| #define HAVE_INTTYPES_H 1
| #define HAVE_STDINT_H 1
| #define HAVE_UNISTD_H 1
| #define HAVE_DLFCN_H 1
| #define LT_OBJDIR ".libs/"
| /* end confdefs.h.  */
| #include <stdio.h>
| #ifdef HAVE_SYS_TYPES_H
| # include <sys/types.h>
| #endif
| #ifdef HAVE_SYS_STAT_H
| # include <sys/stat.h>
| #endif
| #ifdef STDC_HEADERS
| # include <stdlib.h>
| # include <stddef.h>
| #else
| # ifdef HAVE_STDLIB_H
| #  include <stdlib.h>
| # endif
| #endif
| #ifdef HAVE_STRING_H
| # if !defined STDC_HEADERS && defined HAVE_MEMORY_H
| #  include <memory.h>
| # endif
| # include <string.h>
| #endif
| #ifdef HAVE_STRINGS_H
| # include <strings.h>
| #endif
| #ifdef HAVE_INTTYPES_H
| # include <inttypes.h>
| #endif
| #ifdef HAVE_STDINT_H
| # include <stdint.h>
| #endif
| #ifdef HAVE_UNISTD_H
| # include <unistd.h>
| #endif
| int
| main ()
| {
| if (sizeof ((size_t)))
| 	    return 0;
|   ;
|   return 0;
| }
configure:16077: result: yes
configure:16090: checking for working alloca.h
configure:16107: gcc -o conftest -g -O2   conftest.c  >&5
configure:16107: $? = 0
configure:16115: result: yes
configure:16123: checking for alloca
configure:16160: gcc -o conftest -g -O2   conftest.c  >&5
configure:16160: $? = 0
configure:16168: result: yes
configure:16277: checking float.h usability
configure:16277: gcc -c -g -O2  conftest.c >&5
configure:16277: $? = 0
configure:16277: result: yes
configure:16277: checking float.h presence
configure:16277: gcc -E  conftest.c
configure:16277: $? = 0
configure:16277: result: yes
configure:16277: checking for float.h
configure:16277: result: yes
configure:16277: checking for inttypes.h
configure:16277: result: yes
configure:16277: checking limits.h usability
configure:16277: gcc -c -g -O2  conftest.c >&5
configure:16277: $? = 0
configure:16277: result: yes
configure:16277: checking limits.h presence
configure:16277: gcc -E  conftest.c
configure:16277: $? = 0
configure:16277: result: yes
configure:16277: checking for limits.h
configure:16277: result: yes
configure:16277: checking malloc.h usability
configure:16277: gcc -c -g -O2  conftest.c >&5
configure:16277: $? = 0
configure:16277: result: yes
configure:16277: checking malloc.h presence
configure:16277: gcc -E  conftest.c
configure:16277: $? = 0
configure:16277: result: yes
configure:16277: checking for malloc.h
configure:16277: result: yes
configure:16277: checking netinet/in.h usability
configure:16277: gcc -c -g -O2  conftest.c >&5
configure:16277: $? = 0
configure:16277: result: yes
configure:16277: checking netinet/in.h presence
configure:16277: gcc -E  conftest.c
configure:16277: $? = 0
configure:16277: result: yes
configure:16277: checking for netinet/in.h
configure:16277: result: yes
configure:16277: checking stddef.h usability
configure:16277: gcc -c -g -O2  conftest.c >&5
configure:16277: $? = 0
configure:16277: result: yes
configure:16277: checking stddef.h presence
configure:16277: gcc -E  conftest.c
configure:16277: $? = 0
configure:16277: result: yes
configure:16277: checking for stddef.h
configure:16277: result: yes
configure:16277: checking for stdint.h
configure:16277: result: yes
configure:16277: checking for stdlib.h
configure:16277: result: yes
configure:16277: checking for string.h
configure:16277: result: yes
configure:16277: checking for unistd.h
configure:16277: result: yes
configure:16289: checking for inline
configure:16305: gcc -c -g -O2  conftest.c >&5
configure:16305: $? = 0
configure:16313: result: inline
configure:16331: checking for int16_t
configure:16331: gcc -c -g -O2  conftest.c >&5
configure:16331: $? = 0
configure:16331: gcc -c -g -O2  conftest.c >&5
conftest.c: In function 'main':
conftest.c:72:12: error: size of array 'test_array' is negative
 static int test_array [1 - 2 * !((int16_t) (((((int16_t) 1 << N) << N) - 1) * 2 + 1)
            ^
configure:16331: $? = 1
configure: failed program was:
| /* confdefs.h */
| #define PACKAGE_NAME "main"
| #define PACKAGE_TARNAME "main"
| #define PACKAGE_VERSION "1.0"
| #define PACKAGE_STRING "main 1.0"
| #define PACKAGE_BUGREPORT "xx@xx.com"
| #define PACKAGE_URL ""
| #define PACKAGE "main"
| #define VERSION "1.0"
| #define STDC_HEADERS 1
| #define HAVE_SYS_TYPES_H 1
| #define HAVE_SYS_STAT_H 1
| #define HAVE_STDLIB_H 1
| #define HAVE_STRING_H 1
| #define HAVE_MEMORY_H 1
| #define HAVE_STRINGS_H 1
| #define HAVE_INTTYPES_H 1
| #define HAVE_STDINT_H 1
| #define HAVE_UNISTD_H 1
| #define HAVE_DLFCN_H 1
| #define LT_OBJDIR ".libs/"
| #define HAVE_ALLOCA_H 1
| #define HAVE_ALLOCA 1
| #define HAVE_FLOAT_H 1
| #define HAVE_INTTYPES_H 1
| #define HAVE_LIMITS_H 1
| #define HAVE_MALLOC_H 1
| #define HAVE_NETINET_IN_H 1
| #define HAVE_STDDEF_H 1
| #define HAVE_STDINT_H 1
| #define HAVE_STDLIB_H 1
| #define HAVE_STRING_H 1
| #define HAVE_UNISTD_H 1
| /* end confdefs.h.  */
| #include <stdio.h>
| #ifdef HAVE_SYS_TYPES_H
| # include <sys/types.h>
| #endif
| #ifdef HAVE_SYS_STAT_H
| # include <sys/stat.h>
| #endif
| #ifdef STDC_HEADERS
| # include <stdlib.h>
| # include <stddef.h>
| #else
| # ifdef HAVE_STDLIB_H
| #  include <stdlib.h>
| # endif
| #endif
| #ifdef HAVE_STRING_H
| # if !defined STDC_HEADERS && defined HAVE_MEMORY_H
| #  include <memory.h>
| # endif
| # include <string.h>
| #endif
| #ifdef HAVE_STRINGS_H
| # include <strings.h>
| #endif
| #ifdef HAVE_INTTYPES_H
| # include <inttypes.h>
| #endif
| #ifdef HAVE_STDINT_H
| # include <stdint.h>
| #endif
| #ifdef HAVE_UNISTD_H
| # include <unistd.h>
| #endif
| 	        enum { N = 16 / 2 - 1 };
| int
| main ()
| {
| static int test_array [1 - 2 * !((int16_t) (((((int16_t) 1 << N) << N) - 1) * 2 + 1)
| 		 < (int16_t) (((((int16_t) 1 << N) << N) - 1) * 2 + 2))];
| test_array [0] = 0;
| return test_array [0];
| 
|   ;
|   return 0;
| }
configure:16331: result: yes
configure:16342: checking for int32_t
configure:16342: gcc -c -g -O2  conftest.c >&5
configure:16342: $? = 0
configure:16342: gcc -c -g -O2  conftest.c >&5
conftest.c: In function 'main':
conftest.c:73:53: warning: integer overflow in expression [-Woverflow]
    < (int32_t) (((((int32_t) 1 << N) << N) - 1) * 2 + 2))];
                                                     ^
conftest.c:72:12: error: storage size of 'test_array' isn't constant
 static int test_array [1 - 2 * !((int32_t) (((((int32_t) 1 << N) << N) - 1) * 2 + 1)
            ^
configure:16342: $? = 1
configure: failed program was:
| /* confdefs.h */
| #define PACKAGE_NAME "main"
| #define PACKAGE_TARNAME "main"
| #define PACKAGE_VERSION "1.0"
| #define PACKAGE_STRING "main 1.0"
| #define PACKAGE_BUGREPORT "xx@xx.com"
| #define PACKAGE_URL ""
| #define PACKAGE "main"
| #define VERSION "1.0"
| #define STDC_HEADERS 1
| #define HAVE_SYS_TYPES_H 1
| #define HAVE_SYS_STAT_H 1
| #define HAVE_STDLIB_H 1
| #define HAVE_STRING_H 1
| #define HAVE_MEMORY_H 1
| #define HAVE_STRINGS_H 1
| #define HAVE_INTTYPES_H 1
| #define HAVE_STDINT_H 1
| #define HAVE_UNISTD_H 1
| #define HAVE_DLFCN_H 1
| #define LT_OBJDIR ".libs/"
| #define HAVE_ALLOCA_H 1
| #define HAVE_ALLOCA 1
| #define HAVE_FLOAT_H 1
| #define HAVE_INTTYPES_H 1
| #define HAVE_LIMITS_H 1
| #define HAVE_MALLOC_H 1
| #define HAVE_NETINET_IN_H 1
| #define HAVE_STDDEF_H 1
| #define HAVE_STDINT_H 1
| #define HAVE_STDLIB_H 1
| #define HAVE_STRING_H 1
| #define HAVE_UNISTD_H 1
| /* end confdefs.h.  */
| #include <stdio.h>
| #ifdef HAVE_SYS_TYPES_H
| # include <sys/types.h>
| #endif
| #ifdef HAVE_SYS_STAT_H
| # include <sys/stat.h>
| #endif
| #ifdef STDC_HEADERS
| # include <stdlib.h>
| # include <stddef.h>
| #else
| # ifdef HAVE_STDLIB_H
| #  include <stdlib.h>
| # endif
| #endif
| #ifdef HAVE_STRING_H
| # if !defined STDC_HEADERS && defined HAVE_MEMORY_H
| #  include <memory.h>
| # endif
| # include <string.h>
| #endif
| #ifdef HAVE_STRINGS_H
| # include <strings.h>
| #endif
| #ifdef HAVE_INTTYPES_H
| # include <inttypes.h>
| #endif
| #ifdef HAVE_STDINT_H
| # include <stdint.h>
| #endif
| #ifdef HAVE_UNISTD_H
| # include <unistd.h>
| #endif
| 	        enum { N = 32 / 2 - 1 };
| int
| main ()
| {
| static int test_array [1 - 2 * !((int32_t) (((((int32_t) 1 << N) << N) - 1) * 2 + 1)
| 		 < (int32_t) (((((int32_t) 1 << N) << N) - 1) * 2 + 2))];
| test_array [0] = 0;
| return test_array [0];
| 
|   ;
|   return 0;
| }
configure:16342: result: yes
configure:16353: checking for int8_t
configure:16353: gcc -c -g -O2  conftest.c >&5
configure:16353: $? = 0
configure:16353: gcc -c -g -O2  conftest.c >&5
conftest.c: In function 'main':
conftest.c:72:12: error: size of array 'test_array' is negative
 static int test_array [1 - 2 * !((int8_t) (((((int8_t) 1 << N) << N) - 1) * 2 + 1)
            ^
configure:16353: $? = 1
configure: failed program was:
| /* confdefs.h */
| #define PACKAGE_NAME "main"
| #define PACKAGE_TARNAME "main"
| #define PACKAGE_VERSION "1.0"
| #define PACKAGE_STRING "main 1.0"
| #define PACKAGE_BUGREPORT "xx@xx.com"
| #define PACKAGE_URL ""
| #define PACKAGE "main"
| #define VERSION "1.0"
| #define STDC_HEADERS 1
| #define HAVE_SYS_TYPES_H 1
| #define HAVE_SYS_STAT_H 1
| #define HAVE_STDLIB_H 1
| #define HAVE_STRING_H 1
| #define HAVE_MEMORY_H 1
| #define HAVE_STRINGS_H 1
| #define HAVE_INTTYPES_H 1
| #define HAVE_STDINT_H 1
| #define HAVE_UNISTD_H 1
| #define HAVE_DLFCN_H 1
| #define LT_OBJDIR ".libs/"
| #define HAVE_ALLOCA_H 1
| #define HAVE_ALLOCA 1
| #define HAVE_FLOAT_H 1
| #define HAVE_INTTYPES_H 1
| #define HAVE_LIMITS_H 1
| #define HAVE_MALLOC_H 1
| #define HAVE_NETINET_IN_H 1
| #define HAVE_STDDEF_H 1
| #define HAVE_STDINT_H 1
| #define HAVE_STDLIB_H 1
| #define HAVE_STRING_H 1
| #define HAVE_UNISTD_H 1
| /* end confdefs.h.  */
| #include <stdio.h>
| #ifdef HAVE_SYS_TYPES_H
| # include <sys/types.h>
| #endif
| #ifdef HAVE_SYS_STAT_H
| # include <sys/stat.h>
| #endif
| #ifdef STDC_HEADERS
| # include <stdlib.h>
| # include <stddef.h>
| #else
| # ifdef HAVE_STDLIB_H
| #  include <stdlib.h>
| # endif
| #endif
| #ifdef HAVE_STRING_H
| # if !defined STDC_HEADERS && defined HAVE_MEMORY_H
| #  include <memory.h>
| # endif
| # include <string.h>
| #endif
| #ifdef HAVE_STRINGS_H
| # include <strings.h>
| #endif
| #ifdef HAVE_INTTYPES_H
| # include <inttypes.h>
| #endif
| #ifdef HAVE_STDINT_H
| # include <stdint.h>
| #endif
| #ifdef HAVE_UNISTD_H
| # include <unistd.h>
| #endif
| 	        enum { N = 8 / 2 - 1 };
| int
| main ()
| {
| static int test_array [1 - 2 * !((int8_t) (((((int8_t) 1 << N) << N) - 1) * 2 + 1)
| 		 < (int8_t) (((((int8_t) 1 << N) << N) - 1) * 2 + 2))];
| test_array [0] = 0;
| return test_array [0];
| 
|   ;
|   return 0;
| }
configure:16353: result: yes
configure:16364: checking for off_t
configure:16364: gcc -c -g -O2  conftest.c >&5
configure:16364: $? = 0
configure:16364: gcc -c -g -O2  conftest.c >&5
conftest.c: In function 'main':
conftest.c:71:20: error: expected expression before ')' token
 if (sizeof ((off_t)))
                    ^
configure:16364: $? = 1
configure: failed program was:
| /* confdefs.h */
| #define PACKAGE_NAME "main"
| #define PACKAGE_TARNAME "main"
| #define PACKAGE_VERSION "1.0"
| #define PACKAGE_STRING "main 1.0"
| #define PACKAGE_BUGREPORT "xx@xx.com"
| #define PACKAGE_URL ""
| #define PACKAGE "main"
| #define VERSION "1.0"
| #define STDC_HEADERS 1
| #define HAVE_SYS_TYPES_H 1
| #define HAVE_SYS_STAT_H 1
| #define HAVE_STDLIB_H 1
| #define HAVE_STRING_H 1
| #define HAVE_MEMORY_H 1
| #define HAVE_STRINGS_H 1
| #define HAVE_INTTYPES_H 1
| #define HAVE_STDINT_H 1
| #define HAVE_UNISTD_H 1
| #define HAVE_DLFCN_H 1
| #define LT_OBJDIR ".libs/"
| #define HAVE_ALLOCA_H 1
| #define HAVE_ALLOCA 1
| #define HAVE_FLOAT_H 1
| #define HAVE_INTTYPES_H 1
| #define HAVE_LIMITS_H 1
| #define HAVE_MALLOC_H 1
| #define HAVE_NETINET_IN_H 1
| #define HAVE_STDDEF_H 1
| #define HAVE_STDINT_H 1
| #define HAVE_STDLIB_H 1
| #define HAVE_STRING_H 1
| #define HAVE_UNISTD_H 1
| /* end confdefs.h.  */
| #include <stdio.h>
| #ifdef HAVE_SYS_TYPES_H
| # include <sys/types.h>
| #endif
| #ifdef HAVE_SYS_STAT_H
| # include <sys/stat.h>
| #endif
| #ifdef STDC_HEADERS
| # include <stdlib.h>
| # include <stddef.h>
| #else
| # ifdef HAVE_STDLIB_H
| #  include <stdlib.h>
| # endif
| #endif
| #ifdef HAVE_STRING_H
| # if !defined STDC_HEADERS && defined HAVE_MEMORY_H
| #  include <memory.h>
| # endif
| # include <string.h>
| #endif
| #ifdef HAVE_STRINGS_H
| # include <strings.h>
| #endif
| #ifdef HAVE_INTTYPES_H
| # include <inttypes.h>
| #endif
| #ifdef HAVE_STDINT_H
| # include <stdint.h>
| #endif
| #ifdef HAVE_UNISTD_H
| # include <unistd.h>
| #endif
| int
| main ()
| {
| if (sizeof ((off_t)))
| 	    return 0;
|   ;
|   return 0;
| }
configure:16364: result: yes
configure:16375: checking for size_t
configure:16375: result: yes
configure:16386: checking for ssize_t
configure:16386: gcc -c -g -O2  conftest.c >&5
configure:16386: $? = 0
configure:16386: gcc -c -g -O2  conftest.c >&5
conftest.c: In function 'main':
conftest.c:71:22: error: expected expression before ')' token
 if (sizeof ((ssize_t)))
                      ^
configure:16386: $? = 1
configure: failed program was:
| /* confdefs.h */
| #define PACKAGE_NAME "main"
| #define PACKAGE_TARNAME "main"
| #define PACKAGE_VERSION "1.0"
| #define PACKAGE_STRING "main 1.0"
| #define PACKAGE_BUGREPORT "xx@xx.com"
| #define PACKAGE_URL ""
| #define PACKAGE "main"
| #define VERSION "1.0"
| #define STDC_HEADERS 1
| #define HAVE_SYS_TYPES_H 1
| #define HAVE_SYS_STAT_H 1
| #define HAVE_STDLIB_H 1
| #define HAVE_STRING_H 1
| #define HAVE_MEMORY_H 1
| #define HAVE_STRINGS_H 1
| #define HAVE_INTTYPES_H 1
| #define HAVE_STDINT_H 1
| #define HAVE_UNISTD_H 1
| #define HAVE_DLFCN_H 1
| #define LT_OBJDIR ".libs/"
| #define HAVE_ALLOCA_H 1
| #define HAVE_ALLOCA 1
| #define HAVE_FLOAT_H 1
| #define HAVE_INTTYPES_H 1
| #define HAVE_LIMITS_H 1
| #define HAVE_MALLOC_H 1
| #define HAVE_NETINET_IN_H 1
| #define HAVE_STDDEF_H 1
| #define HAVE_STDINT_H 1
| #define HAVE_STDLIB_H 1
| #define HAVE_STRING_H 1
| #define HAVE_UNISTD_H 1
| /* end confdefs.h.  */
| #include <stdio.h>
| #ifdef HAVE_SYS_TYPES_H
| # include <sys/types.h>
| #endif
| #ifdef HAVE_SYS_STAT_H
| # include <sys/stat.h>
| #endif
| #ifdef STDC_HEADERS
| # include <stdlib.h>
| # include <stddef.h>
| #else
| # ifdef HAVE_STDLIB_H
| #  include <stdlib.h>
| # endif
| #endif
| #ifdef HAVE_STRING_H
| # if !defined STDC_HEADERS && defined HAVE_MEMORY_H
| #  include <memory.h>
| # endif
| # include <string.h>
| #endif
| #ifdef HAVE_STRINGS_H
| # include <strings.h>
| #endif
| #ifdef HAVE_INTTYPES_H
| # include <inttypes.h>
| #endif
| #ifdef HAVE_STDINT_H
| # include <stdint.h>
| #endif
| #ifdef HAVE_UNISTD_H
| # include <unistd.h>
| #endif
| int
| main ()
| {
| if (sizeof ((ssize_t)))
| 	    return 0;
|   ;
|   return 0;
| }
configure:16386: result: yes
configure:16397: checking for uint16_t
configure:16397: gcc -c -g -O2  conftest.c >&5
configure:16397: $? = 0
configure:16397: result: yes
configure:16409: checking for uint32_t
configure:16409: gcc -c -g -O2  conftest.c >&5
configure:16409: $? = 0
configure:16409: result: yes
configure:16423: checking for uint8_t
configure:16423: gcc -c -g -O2  conftest.c >&5
configure:16423: $? = 0
configure:16423: result: yes
configure:16437: checking for ptrdiff_t
configure:16437: gcc -c -g -O2  conftest.c >&5
configure:16437: $? = 0
configure:16437: gcc -c -g -O2  conftest.c >&5
conftest.c: In function 'main':
conftest.c:71:24: error: expected expression before ')' token
 if (sizeof ((ptrdiff_t)))
                        ^
configure:16437: $? = 1
configure: failed program was:
| /* confdefs.h */
| #define PACKAGE_NAME "main"
| #define PACKAGE_TARNAME "main"
| #define PACKAGE_VERSION "1.0"
| #define PACKAGE_STRING "main 1.0"
| #define PACKAGE_BUGREPORT "xx@xx.com"
| #define PACKAGE_URL ""
| #define PACKAGE "main"
| #define VERSION "1.0"
| #define STDC_HEADERS 1
| #define HAVE_SYS_TYPES_H 1
| #define HAVE_SYS_STAT_H 1
| #define HAVE_STDLIB_H 1
| #define HAVE_STRING_H 1
| #define HAVE_MEMORY_H 1
| #define HAVE_STRINGS_H 1
| #define HAVE_INTTYPES_H 1
| #define HAVE_STDINT_H 1
| #define HAVE_UNISTD_H 1
| #define HAVE_DLFCN_H 1
| #define LT_OBJDIR ".libs/"
| #define HAVE_ALLOCA_H 1
| #define HAVE_ALLOCA 1
| #define HAVE_FLOAT_H 1
| #define HAVE_INTTYPES_H 1
| #define HAVE_LIMITS_H 1
| #define HAVE_MALLOC_H 1
| #define HAVE_NETINET_IN_H 1
| #define HAVE_STDDEF_H 1
| #define HAVE_STDINT_H 1
| #define HAVE_STDLIB_H 1
| #define HAVE_STRING_H 1
| #define HAVE_UNISTD_H 1
| /* end confdefs.h.  */
| #include <stdio.h>
| #ifdef HAVE_SYS_TYPES_H
| # include <sys/types.h>
| #endif
| #ifdef HAVE_SYS_STAT_H
| # include <sys/stat.h>
| #endif
| #ifdef STDC_HEADERS
| # include <stdlib.h>
| # include <stddef.h>
| #else
| # ifdef HAVE_STDLIB_H
| #  include <stdlib.h>
| # endif
| #endif
| #ifdef HAVE_STRING_H
| # if !defined STDC_HEADERS && defined HAVE_MEMORY_H
| #  include <memory.h>
| # endif
| # include <string.h>
| #endif
| #ifdef HAVE_STRINGS_H
| # include <strings.h>
| #endif
| #ifdef HAVE_INTTYPES_H
| # include <inttypes.h>
| #endif
| #ifdef HAVE_STDINT_H
| # include <stdint.h>
| #endif
| #ifdef HAVE_UNISTD_H
| # include <unistd.h>
| #endif
| int
| main ()
| {
| if (sizeof ((ptrdiff_t)))
| 	    return 0;
|   ;
|   return 0;
| }
configure:16437: result: yes
configure:16449: checking for working strtod
configure:16490: gcc -o conftest -g -O2   conftest.c  >&5
configure:16490: $? = 0
configure:16490: ./conftest
configure:16490: $? = 0
configure:16500: result: yes
configure:16565: checking for memchr
configure:16565: gcc -o conftest -g -O2   conftest.c  >&5
conftest.c:59:6: warning: conflicting types for built-in function 'memchr'
 char memchr ();
      ^
configure:16565: $? = 0
configure:16565: result: yes
configure:16565: checking for memmove
configure:16565: gcc -o conftest -g -O2   conftest.c  >&5
conftest.c:60:6: warning: conflicting types for built-in function 'memmove'
 char memmove ();
      ^
configure:16565: $? = 0
configure:16565: result: yes
configure:16565: checking for memset
configure:16565: gcc -o conftest -g -O2   conftest.c  >&5
conftest.c:61:6: warning: conflicting types for built-in function 'memset'
 char memset ();
      ^
configure:16565: $? = 0
configure:16565: result: yes
configure:16565: checking for strerror
configure:16565: gcc -o conftest -g -O2   conftest.c  >&5
configure:16565: $? = 0
configure:16565: result: yes
configure:16722: checking that generated files are newer than configure
configure:16728: result: done
configure:16755: creating ./config.status

## ---------------------- ##
## Running config.status. ##
## ---------------------- ##

This file was extended by main config.status 1.0, which was
generated by GNU Autoconf 2.69.  Invocation command line was

  CONFIG_FILES    = 
  CONFIG_HEADERS  = 
  CONFIG_LINKS    = 
  CONFIG_COMMANDS = 
  $ ./config.status 

on SZHPC12050

config.status:1074: creating Makefile
config.status:1074: creating asn/Makefile
config.status:1246: executing depfiles commands
config.status:1246: executing libtool commands

## ---------------- ##
## Cache variables. ##
## ---------------- ##

ac_cv_build=x86_64-pc-linux-gnu
ac_cv_c_compiler_gnu=yes
ac_cv_c_inline=inline
ac_cv_c_int16_t=yes
ac_cv_c_int32_t=yes
ac_cv_c_int8_t=yes
ac_cv_c_uint16_t=yes
ac_cv_c_uint32_t=yes
ac_cv_c_uint8_t=yes
ac_cv_cxx_compiler_gnu=yes
ac_cv_env_CCC_set=
ac_cv_env_CCC_value=
ac_cv_env_CC_set=
ac_cv_env_CC_value=
ac_cv_env_CFLAGS_set=
ac_cv_env_CFLAGS_value=
ac_cv_env_CPPFLAGS_set=
ac_cv_env_CPPFLAGS_value=
ac_cv_env_CPP_set=
ac_cv_env_CPP_value=
ac_cv_env_CXXCPP_set=
ac_cv_env_CXXCPP_value=
ac_cv_env_CXXFLAGS_set=
ac_cv_env_CXXFLAGS_value=
ac_cv_env_CXX_set=
ac_cv_env_CXX_value=
ac_cv_env_LDFLAGS_set=
ac_cv_env_LDFLAGS_value=
ac_cv_env_LIBS_set=
ac_cv_env_LIBS_value=
ac_cv_env_LT_SYS_LIBRARY_PATH_set=
ac_cv_env_LT_SYS_LIBRARY_PATH_value=
ac_cv_env_build_alias_set=
ac_cv_env_build_alias_value=
ac_cv_env_host_alias_set=
ac_cv_env_host_alias_value=
ac_cv_env_target_alias_set=
ac_cv_env_target_alias_value=
ac_cv_func_alloca_works=yes
ac_cv_func_memchr=yes
ac_cv_func_memmove=yes
ac_cv_func_memset=yes
ac_cv_func_strerror=yes
ac_cv_func_strtod=yes
ac_cv_header_dlfcn_h=yes
ac_cv_header_float_h=yes
ac_cv_header_inttypes_h=yes
ac_cv_header_limits_h=yes
ac_cv_header_malloc_h=yes
ac_cv_header_memory_h=yes
ac_cv_header_netinet_in_h=yes
ac_cv_header_stdc=yes
ac_cv_header_stddef_h=yes
ac_cv_header_stdint_h=yes
ac_cv_header_stdlib_h=yes
ac_cv_header_string_h=yes
ac_cv_header_strings_h=yes
ac_cv_header_sys_stat_h=yes
ac_cv_header_sys_types_h=yes
ac_cv_header_unistd_h=yes
ac_cv_host=x86_64-pc-linux-gnu
ac_cv_objext=o
ac_cv_path_EGREP='/bin/grep -E'
ac_cv_path_FGREP='/bin/grep -F'
ac_cv_path_GREP=/bin/grep
ac_cv_path_SED=/bin/sed
ac_cv_path_install='/usr/bin/install -c'
ac_cv_path_lt_DD=/bin/dd
ac_cv_path_mkdir=/bin/mkdir
ac_cv_prog_AWK=gawk
ac_cv_prog_CPP='gcc -E'
ac_cv_prog_CXXCPP='g++ -E'
ac_cv_prog_ac_ct_AR=ar
ac_cv_prog_ac_ct_CC=gcc
ac_cv_prog_ac_ct_CXX=g++
ac_cv_prog_ac_ct_MANIFEST_TOOL=mt
ac_cv_prog_ac_ct_OBJDUMP=objdump
ac_cv_prog_ac_ct_RANLIB=ranlib
ac_cv_prog_ac_ct_STRIP=strip
ac_cv_prog_cc_c89=
ac_cv_prog_cc_g=yes
ac_cv_prog_cxx_g=yes
ac_cv_prog_make_make_set=yes
ac_cv_type_off_t=yes
ac_cv_type_ptrdiff_t=yes
ac_cv_type_size_t=yes
ac_cv_type_ssize_t=yes
ac_cv_working_alloca_h=yes
am_cv_CC_dependencies_compiler_type=gcc3
am_cv_CXX_dependencies_compiler_type=gcc3
am_cv_make_support_nested_variables=yes
am_cv_prog_cc_c_o=yes
lt_cv_ar_at_file=@
lt_cv_archive_cmds_need_lc=no
lt_cv_deplibs_check_method=pass_all
lt_cv_file_magic_cmd='$MAGIC_CMD'
lt_cv_file_magic_test_file=
lt_cv_ld_reload_flag=-r
lt_cv_nm_interface='BSD nm'
lt_cv_objdir=.libs
lt_cv_path_LD=/usr/bin/ld
lt_cv_path_LDCXX='/usr/bin/ld -m elf_x86_64'
lt_cv_path_NM='/usr/bin/nm -B'
lt_cv_path_mainfest_tool=no
lt_cv_prog_compiler_c_o=yes
lt_cv_prog_compiler_c_o_CXX=yes
lt_cv_prog_compiler_pic='-fPIC -DPIC'
lt_cv_prog_compiler_pic_CXX='-fPIC -DPIC'
lt_cv_prog_compiler_pic_works=yes
lt_cv_prog_compiler_pic_works_CXX=yes
lt_cv_prog_compiler_rtti_exceptions=no
lt_cv_prog_compiler_static_works=yes
lt_cv_prog_compiler_static_works_CXX=yes
lt_cv_prog_gnu_ld=yes
lt_cv_prog_gnu_ldcxx=yes
lt_cv_sharedlib_from_linklib_cmd='printf %s\n'
lt_cv_shlibpath_overrides_runpath=no
lt_cv_sys_global_symbol_pipe='sed -n -e '\''s/^.*[	 ]\([ABCDGIRSTW][ABCDGIRSTW]*\)[	 ][	 ]*\([_A-Za-z][_A-Za-z0-9]*\)$/\1 \2 \2/p'\'' | sed '\''/ __gnu_lto/d'\'''
lt_cv_sys_global_symbol_to_c_name_address='sed -n -e '\''s/^: \(.*\) .*$/  {"\1", (void *) 0},/p'\'' -e '\''s/^[ABCDGIRSTW][ABCDGIRSTW]* .* \(.*\)$/  {"\1", (void *) \&\1},/p'\'''
lt_cv_sys_global_symbol_to_c_name_address_lib_prefix='sed -n -e '\''s/^: \(.*\) .*$/  {"\1", (void *) 0},/p'\'' -e '\''s/^[ABCDGIRSTW][ABCDGIRSTW]* .* \(lib.*\)$/  {"\1", (void *) \&\1},/p'\'' -e '\''s/^[ABCDGIRSTW][ABCDGIRSTW]* .* \(.*\)$/  {"lib\1", (void *) \&\1},/p'\'''
lt_cv_sys_global_symbol_to_cdecl='sed -n -e '\''s/^T .* \(.*\)$/extern int \1();/p'\'' -e '\''s/^[ABCDGIRSTW][ABCDGIRSTW]* .* \(.*\)$/extern char \1;/p'\'''
lt_cv_sys_global_symbol_to_import=
lt_cv_sys_max_cmd_len=1572864
lt_cv_to_host_file_cmd=func_convert_file_noop
lt_cv_to_tool_file_cmd=func_convert_file_noop
lt_cv_truncate_bin='/bin/dd bs=4096 count=1'

## ----------------- ##
## Output variables. ##
## ----------------- ##

ACLOCAL='${SHELL} /home/yuk6szh/DATA/GIT_V2X/V2X-Security-Stack/missing aclocal-1.15'
ALLOCA=''
AMDEPBACKSLASH='\'
AMDEP_FALSE='#'
AMDEP_TRUE=''
AMTAR='$${TAR-tar}'
AM_BACKSLASH='\'
AM_DEFAULT_V='$(AM_DEFAULT_VERBOSITY)'
AM_DEFAULT_VERBOSITY='1'
AM_V='$(V)'
AR='ar'
AUTOCONF='${SHELL} /home/yuk6szh/DATA/GIT_V2X/V2X-Security-Stack/missing autoconf'
AUTOHEADER='${SHELL} /home/yuk6szh/DATA/GIT_V2X/V2X-Security-Stack/missing autoheader'
AUTOMAKE='${SHELL} /home/yuk6szh/DATA/GIT_V2X/V2X-Security-Stack/missing automake-1.15'
AWK='gawk'
CC='gcc'
CCDEPMODE='depmode=gcc3'
CFLAGS='-g -O2'
CPP='gcc -E'
CPPFLAGS=''
CXX='g++'
CXXCPP='g++ -E'
CXXDEPMODE='depmode=gcc3'
CXXFLAGS='-g -O2'
CYGPATH_W='echo'
DEFS='-DPACKAGE_NAME=\"main\" -DPACKAGE_TARNAME=\"main\" -DPACKAGE_VERSION=\"1.0\" -DPACKAGE_STRING=\"main\ 1.0\" -DPACKAGE_BUGREPORT=\"xx@xx.com\" -DPACKAGE_URL=\"\" -DPACKAGE=\"main\" -DVERSION=\"1.0\" -DSTDC_HEADERS=1 -DHAVE_SYS_TYPES_H=1 -DHAVE_SYS_STAT_H=1 -DHAVE_STDLIB_H=1 -DHAVE_STRING_H=1 -DHAVE_MEMORY_H=1 -DHAVE_STRINGS_H=1 -DHAVE_INTTYPES_H=1 -DHAVE_STDINT_H=1 -DHAVE_UNISTD_H=1 -DHAVE_DLFCN_H=1 -DLT_OBJDIR=\".libs/\" -DHAVE_ALLOCA_H=1 -DHAVE_ALLOCA=1 -DHAVE_FLOAT_H=1 -DHAVE_INTTYPES_H=1 -DHAVE_LIMITS_H=1 -DHAVE_MALLOC_H=1 -DHAVE_NETINET_IN_H=1 -DHAVE_STDDEF_H=1 -DHAVE_STDINT_H=1 -DHAVE_STDLIB_H=1 -DHAVE_STRING_H=1 -DHAVE_UNISTD_H=1 -DHAVE_PTRDIFF_T=1 -DHAVE_MEMCHR=1 -DHAVE_MEMMOVE=1 -DHAVE_MEMSET=1 -DHAVE_STRERROR=1'
DEPDIR='.deps'
DLLTOOL='false'
DSYMUTIL=''
DUMPBIN=''
ECHO_C=''
ECHO_N='-n'
ECHO_T=''
EGREP='/bin/grep -E'
EXEEXT=''
FGREP='/bin/grep -F'
GREP='/bin/grep'
INSTALL_DATA='${INSTALL} -m 644'
INSTALL_PROGRAM='${INSTALL}'
INSTALL_SCRIPT='${INSTALL}'
INSTALL_STRIP_PROGRAM='$(install_sh) -c -s'
LD='/usr/bin/ld -m elf_x86_64'
LDFLAGS=''
LIBOBJS=''
LIBS=''
LIBTOOL='$(SHELL) $(top_builddir)/libtool'
LIPO=''
LN_S='ln -s'
LTLIBOBJS=''
LT_SYS_LIBRARY_PATH=''
MAKEINFO='${SHELL} /home/yuk6szh/DATA/GIT_V2X/V2X-Security-Stack/missing makeinfo'
MANIFEST_TOOL=':'
MKDIR_P='/bin/mkdir -p'
NM='/usr/bin/nm -B'
NMEDIT=''
OBJDUMP='objdump'
OBJEXT='o'
OTOOL64=''
OTOOL=''
PACKAGE='main'
PACKAGE_BUGREPORT='xx@xx.com'
PACKAGE_NAME='main'
PACKAGE_STRING='main 1.0'
PACKAGE_TARNAME='main'
PACKAGE_URL=''
PACKAGE_VERSION='1.0'
PATH_SEPARATOR=':'
POW_LIB=''
RANLIB='ranlib'
SED='/bin/sed'
SET_MAKE=''
SHELL='/bin/sh'
STRIP='strip'
VERSION='1.0'
ac_ct_AR='ar'
ac_ct_CC='gcc'
ac_ct_CXX='g++'
ac_ct_DUMPBIN=''
am__EXEEXT_FALSE=''
am__EXEEXT_TRUE='#'
am__fastdepCC_FALSE='#'
am__fastdepCC_TRUE=''
am__fastdepCXX_FALSE='#'
am__fastdepCXX_TRUE=''
am__include='include'
am__isrc=''
am__leading_dot='.'
am__nodep='_no'
am__quote=''
am__tar='$${TAR-tar} chof - "$$tardir"'
am__untar='$${TAR-tar} xf -'
bindir='${exec_prefix}/bin'
build='x86_64-pc-linux-gnu'
build_alias=''
build_cpu='x86_64'
build_os='linux-gnu'
build_vendor='pc'
datadir='${datarootdir}'
datarootdir='${prefix}/share'
docdir='${datarootdir}/doc/${PACKAGE_TARNAME}'
dvidir='${docdir}'
exec_prefix='${prefix}'
host='x86_64-pc-linux-gnu'
host_alias=''
host_cpu='x86_64'
host_os='linux-gnu'
host_vendor='pc'
htmldir='${docdir}'
includedir='${prefix}/include'
infodir='${datarootdir}/info'
install_sh='${SHELL} /home/yuk6szh/DATA/GIT_V2X/V2X-Security-Stack/install-sh'
libdir='${exec_prefix}/lib'
libexecdir='${exec_prefix}/libexec'
localedir='${datarootdir}/locale'
localstatedir='${prefix}/var'
mandir='${datarootdir}/man'
mkdir_p='$(MKDIR_P)'
oldincludedir='/usr/include'
pdfdir='${docdir}'
prefix='/home/yuk6szh/DATA/GIT_V2X/V2X-Security-Stack'
program_transform_name='s,x,x,'
psdir='${docdir}'
runstatedir='${localstatedir}/run'
sbindir='${exec_prefix}/sbin'
sharedstatedir='${prefix}/com'
sysconfdir='${prefix}/etc'
target_alias=''

## ----------- ##
## confdefs.h. ##
## ----------- ##

/* confdefs.h */
#define PACKAGE_NAME "main"
#define PACKAGE_TARNAME "main"
#define PACKAGE_VERSION "1.0"
#define PACKAGE_STRING "main 1.0"
#define PACKAGE_BUGREPORT "xx@xx.com"
#define PACKAGE_URL ""
#define PACKAGE "main"
#define VERSION "1.0"
#define STDC_HEADERS 1
#define HAVE_SYS_TYPES_H 1
#define HAVE_SYS_STAT_H 1
#define HAVE_STDLIB_H 1
#define HAVE_STRING_H 1
#define HAVE_MEMORY_H 1
#define HAVE_STRINGS_H 1
#define HAVE_INTTYPES_H 1
#define HAVE_STDINT_H 1
#define HAVE_UNISTD_H 1
#define HAVE_DLFCN_H 1
#define LT_OBJDIR ".libs/"
#define HAVE_ALLOCA_H 1
#define HAVE_ALLOCA 1
#define HAVE_FLOAT_H 1
#define HAVE_INTTYPES_H 1
#define HAVE_LIMITS_H 1
#define HAVE_MALLOC_H 1
#define HAVE_NETINET_IN_H 1
#define HAVE_STDDEF_H 1
#define HAVE_STDINT_H 1
#define HAVE_STDLIB_H 1
#define HAVE_STRING_H 1
#define HAVE_UNISTD_H 1
#define HAVE_PTRDIFF_T 1
#define HAVE_MEMCHR 1
#define HAVE_MEMMOVE 1
#define HAVE_MEMSET 1
#define HAVE_STRERROR 1

configure: exit 0
